kotlin version: 2.0.0
error message: org.jetbrains.kotlin.backend.common.BackendException: Backend Internal error: Exception during IR lowering
File being compiled: C:/Users/gijs/Documents/RRHE/Offline_GPS_Tracker_App/app/src/main/java/com/example/offlinegpstracker/MainActivity.kt
The root cause java.lang.RuntimeException was thrown at: org.jetbrains.kotlin.backend.jvm.codegen.FunctionCodegen.generate(FunctionCodegen.kt:50)
	at org.jetbrains.kotlin.backend.common.CodegenUtil.reportBackendException(CodegenUtil.kt:253)
	at org.jetbrains.kotlin.backend.common.CodegenUtil.reportBackendException$default(CodegenUtil.kt:236)
	at org.jetbrains.kotlin.backend.common.phaser.PerformByIrFilePhase.invokeSequential(performByIrFile.kt:65)
	at org.jetbrains.kotlin.backend.common.phaser.PerformByIrFilePhase.invoke(performByIrFile.kt:52)
	at org.jetbrains.kotlin.backend.common.phaser.PerformByIrFilePhase.invoke(performByIrFile.kt:38)
	at org.jetbrains.kotlin.backend.common.phaser.NamedCompilerPhase.phaseBody(CompilerPhase.kt:166)
	at org.jetbrains.kotlin.backend.common.phaser.AbstractNamedCompilerPhase.invoke(CompilerPhase.kt:113)
	at org.jetbrains.kotlin.backend.common.phaser.CompositePhase.invoke(PhaseBuilders.kt:29)
	at org.jetbrains.kotlin.backend.common.phaser.CompositePhase.invoke(PhaseBuilders.kt:16)
	at org.jetbrains.kotlin.backend.common.phaser.NamedCompilerPhase.phaseBody(CompilerPhase.kt:166)
	at org.jetbrains.kotlin.backend.common.phaser.AbstractNamedCompilerPhase.invoke(CompilerPhase.kt:113)
	at org.jetbrains.kotlin.backend.common.phaser.CompilerPhaseKt.invokeToplevel(CompilerPhase.kt:62)
	at org.jetbrains.kotlin.backend.jvm.JvmIrCodegenFactory.invokeCodegen(JvmIrCodegenFactory.kt:371)
	at org.jetbrains.kotlin.codegen.CodegenFactory.generateModule(CodegenFactory.kt:47)
	at org.jetbrains.kotlin.backend.jvm.JvmIrCodegenFactory.generateModuleInFrontendIRMode(JvmIrCodegenFactory.kt:433)
	at org.jetbrains.kotlin.cli.jvm.compiler.pipeline.JvmCompilerPipelineKt.generateCodeFromIr(jvmCompilerPipeline.kt:241)
	at org.jetbrains.kotlin.cli.jvm.compiler.pipeline.JvmCompilerPipelineKt.compileModulesUsingFrontendIrAndLightTree(jvmCompilerPipeline.kt:140)
	at org.jetbrains.kotlin.cli.jvm.K2JVMCompiler.doExecute(K2JVMCompiler.kt:155)
	at org.jetbrains.kotlin.cli.jvm.K2JVMCompiler.doExecute(K2JVMCompiler.kt:50)
	at org.jetbrains.kotlin.cli.common.CLICompiler.execImpl(CLICompiler.kt:104)
	at org.jetbrains.kotlin.cli.common.CLICompiler.execImpl(CLICompiler.kt:48)
	at org.jetbrains.kotlin.cli.common.CLITool.exec(CLITool.kt:101)
	at org.jetbrains.kotlin.incremental.IncrementalJvmCompilerRunner.runCompiler(IncrementalJvmCompilerRunner.kt:453)
	at org.jetbrains.kotlin.incremental.IncrementalJvmCompilerRunner.runCompiler(IncrementalJvmCompilerRunner.kt:62)
	at org.jetbrains.kotlin.incremental.IncrementalCompilerRunner.doCompile(IncrementalCompilerRunner.kt:506)
	at org.jetbrains.kotlin.incremental.IncrementalCompilerRunner.compileImpl(IncrementalCompilerRunner.kt:423)
	at org.jetbrains.kotlin.incremental.IncrementalCompilerRunner.compileNonIncrementally(IncrementalCompilerRunner.kt:301)
	at org.jetbrains.kotlin.incremental.IncrementalCompilerRunner.compile(IncrementalCompilerRunner.kt:129)
	at org.jetbrains.kotlin.daemon.CompileServiceImplBase.execIncrementalCompiler(CompileServiceImpl.kt:676)
	at org.jetbrains.kotlin.daemon.CompileServiceImplBase.access$execIncrementalCompiler(CompileServiceImpl.kt:92)
	at org.jetbrains.kotlin.daemon.CompileServiceImpl.compile(CompileServiceImpl.kt:1661)
	at java.base/jdk.internal.reflect.NativeMethodAccessorImpl.invoke0(Native Method)
	at java.base/jdk.internal.reflect.NativeMethodAccessorImpl.invoke(NativeMethodAccessorImpl.java:77)
	at java.base/jdk.internal.reflect.DelegatingMethodAccessorImpl.invoke(DelegatingMethodAccessorImpl.java:43)
	at java.base/java.lang.reflect.Method.invoke(Method.java:568)
	at java.rmi/sun.rmi.server.UnicastServerRef.dispatch(UnicastServerRef.java:360)
	at java.rmi/sun.rmi.transport.Transport$1.run(Transport.java:200)
	at java.rmi/sun.rmi.transport.Transport$1.run(Transport.java:197)
	at java.base/java.security.AccessController.doPrivileged(AccessController.java:712)
	at java.rmi/sun.rmi.transport.Transport.serviceCall(Transport.java:196)
	at java.rmi/sun.rmi.transport.tcp.TCPTransport.handleMessages(TCPTransport.java:587)
	at java.rmi/sun.rmi.transport.tcp.TCPTransport$ConnectionHandler.run0(TCPTransport.java:828)
	at java.rmi/sun.rmi.transport.tcp.TCPTransport$ConnectionHandler.lambda$run$0(TCPTransport.java:705)
	at java.base/java.security.AccessController.doPrivileged(AccessController.java:399)
	at java.rmi/sun.rmi.transport.tcp.TCPTransport$ConnectionHandler.run(TCPTransport.java:704)
	at java.base/java.util.concurrent.ThreadPoolExecutor.runWorker(ThreadPoolExecutor.java:1136)
	at java.base/java.util.concurrent.ThreadPoolExecutor$Worker.run(ThreadPoolExecutor.java:635)
	at java.base/java.lang.Thread.run(Thread.java:840)
Caused by: java.lang.RuntimeException: Exception while generating code for:
FUN name:MainContent visibility:public modality:FINAL <> ($this:com.example.offlinegpstracker.MainActivity) returnType:kotlin.Unit
  annotations:
    OptIn(markerClass = [CLASS_REFERENCE 'CLASS IR_EXTERNAL_DECLARATION_STUB ANNOTATION_CLASS name:ExperimentalMaterial3Api modality:OPEN visibility:public superTypes:[kotlin.Annotation]' type=kotlin.reflect.KClass<androidx.compose.material3.ExperimentalMaterial3Api>])
    Composable
  $this: VALUE_PARAMETER name:<this> type:com.example.offlinegpstracker.MainActivity
  BLOCK_BODY
    VAR PROPERTY_DELEGATE name:name$delegate type:androidx.compose.runtime.MutableState<androidx.compose.ui.text.input.TextFieldValue> [val]
      CALL 'public final fun remember <T> (calculation: @[DisallowComposableCalls] kotlin.Function0<T of androidx.compose.runtime.ComposablesKt.remember>): T of androidx.compose.runtime.ComposablesKt.remember [inline] declared in androidx.compose.runtime.ComposablesKt' type=androidx.compose.runtime.MutableState<androidx.compose.ui.text.input.TextFieldValue> origin=null
        <T>: androidx.compose.runtime.MutableState<androidx.compose.ui.text.input.TextFieldValue>
        calculation: BLOCK type=kotlin.Function0<androidx.compose.runtime.MutableState<androidx.compose.ui.text.input.TextFieldValue>> origin=LAMBDA
          COMPOSITE type=kotlin.Unit origin=null
          FUNCTION_REFERENCE 'private final fun MainContent$lambda$3 (): androidx.compose.runtime.MutableState<androidx.compose.ui.text.input.TextFieldValue> declared in com.example.offlinegpstracker.MainActivity' type=kotlin.Function0<androidx.compose.runtime.MutableState<androidx.compose.ui.text.input.TextFieldValue>> origin=INLINE_LAMBDA reflectionTarget=null
    VAR PROPERTY_DELEGATE name:latitude$delegate type:androidx.compose.runtime.MutableState<androidx.compose.ui.text.input.TextFieldValue> [val]
      CALL 'public final fun remember <T> (calculation: @[DisallowComposableCalls] kotlin.Function0<T of androidx.compose.runtime.ComposablesKt.remember>): T of androidx.compose.runtime.ComposablesKt.remember [inline] declared in androidx.compose.runtime.ComposablesKt' type=androidx.compose.runtime.MutableState<androidx.compose.ui.text.input.TextFieldValue> origin=null
        <T>: androidx.compose.runtime.MutableState<androidx.compose.ui.text.input.TextFieldValue>
        calculation: BLOCK type=kotlin.Function0<androidx.compose.runtime.MutableState<androidx.compose.ui.text.input.TextFieldValue>> origin=LAMBDA
          COMPOSITE type=kotlin.Unit origin=null
          FUNCTION_REFERENCE 'private final fun MainContent$lambda$6 (): androidx.compose.runtime.MutableState<androidx.compose.ui.text.input.TextFieldValue> declared in com.example.offlinegpstracker.MainActivity' type=kotlin.Function0<androidx.compose.runtime.MutableState<androidx.compose.ui.text.input.TextFieldValue>> origin=INLINE_LAMBDA reflectionTarget=null
    VAR PROPERTY_DELEGATE name:longitude$delegate type:androidx.compose.runtime.MutableState<androidx.compose.ui.text.input.TextFieldValue> [val]
      CALL 'public final fun remember <T> (calculation: @[DisallowComposableCalls] kotlin.Function0<T of androidx.compose.runtime.ComposablesKt.remember>): T of androidx.compose.runtime.ComposablesKt.remember [inline] declared in androidx.compose.runtime.ComposablesKt' type=androidx.compose.runtime.MutableState<androidx.compose.ui.text.input.TextFieldValue> origin=null
        <T>: androidx.compose.runtime.MutableState<androidx.compose.ui.text.input.TextFieldValue>
        calculation: BLOCK type=kotlin.Function0<androidx.compose.runtime.MutableState<androidx.compose.ui.text.input.TextFieldValue>> origin=LAMBDA
          COMPOSITE type=kotlin.Unit origin=null
          FUNCTION_REFERENCE 'private final fun MainContent$lambda$9 (): androidx.compose.runtime.MutableState<androidx.compose.ui.text.input.TextFieldValue> declared in com.example.offlinegpstracker.MainActivity' type=kotlin.Function0<androidx.compose.runtime.MutableState<androidx.compose.ui.text.input.TextFieldValue>> origin=INLINE_LAMBDA reflectionTarget=null
    VAR PROPERTY_DELEGATE name:altitude$delegate type:androidx.compose.runtime.MutableState<androidx.compose.ui.text.input.TextFieldValue> [val]
      CALL 'public final fun remember <T> (calculation: @[DisallowComposableCalls] kotlin.Function0<T of androidx.compose.runtime.ComposablesKt.remember>): T of androidx.compose.runtime.ComposablesKt.remember [inline] declared in androidx.compose.runtime.ComposablesKt' type=androidx.compose.runtime.MutableState<androidx.compose.ui.text.input.TextFieldValue> origin=null
        <T>: androidx.compose.runtime.MutableState<androidx.compose.ui.text.input.TextFieldValue>
        calculation: BLOCK type=kotlin.Function0<androidx.compose.runtime.MutableState<androidx.compose.ui.text.input.TextFieldValue>> origin=LAMBDA
          COMPOSITE type=kotlin.Unit origin=null
          FUNCTION_REFERENCE 'private final fun MainContent$lambda$12 (): androidx.compose.runtime.MutableState<androidx.compose.ui.text.input.TextFieldValue> declared in com.example.offlinegpstracker.MainActivity' type=kotlin.Function0<androidx.compose.runtime.MutableState<androidx.compose.ui.text.input.TextFieldValue>> origin=INLINE_LAMBDA reflectionTarget=null
    VAR name:context type:android.content.Context [val]
      CALL 'public final fun <get-current> (): T of androidx.compose.runtime.CompositionLocal [inline] declared in androidx.compose.runtime.CompositionLocal' type=android.content.Context origin=GET_PROPERTY
        $this: TYPE_OP type=androidx.compose.runtime.CompositionLocal<T of androidx.compose.runtime.CompositionLocal> origin=IMPLICIT_CAST typeOperand=androidx.compose.runtime.CompositionLocal<T of androidx.compose.runtime.CompositionLocal>
          CALL 'public final fun <get-LocalContext> (): androidx.compose.runtime.ProvidableCompositionLocal<android.content.Context> declared in androidx.compose.ui.platform.AndroidCompositionLocals_androidKt' type=androidx.compose.runtime.ProvidableCompositionLocal<android.content.Context> origin=GET_PROPERTY
    CALL 'public final fun Column$default (modifier: androidx.compose.ui.Modifier?, verticalArrangement: androidx.compose.foundation.layout.Arrangement.Vertical?, horizontalAlignment: androidx.compose.ui.Alignment.Horizontal?, content: @[Composable] @[ExtensionFunctionType] kotlin.Function1<androidx.compose.foundation.layout.ColumnScope, kotlin.Unit>, $mask0: kotlin.Int, $handler: kotlin.Any?): kotlin.Unit [inline] declared in androidx.compose.foundation.layout.ColumnKt' type=kotlin.Unit origin=DEFAULT_DISPATCH_CALL
      modifier: CALL 'public final fun padding-3ABfNKs (all: androidx.compose.ui.unit.Dp): androidx.compose.ui.Modifier declared in androidx.compose.foundation.layout.PaddingKt' type=androidx.compose.ui.Modifier origin=null
        $receiver: CALL 'public final fun fillMaxSize$default (fraction: kotlin.Float, $mask0: kotlin.Int, $handler: kotlin.Any?): androidx.compose.ui.Modifier declared in androidx.compose.foundation.layout.SizeKt' type=androidx.compose.ui.Modifier origin=DEFAULT_DISPATCH_CALL
          $receiver: GET_FIELD 'FIELD FIELD_FOR_OBJECT_INSTANCE name:Companion type:androidx.compose.ui.Modifier.Companion visibility:public [final,static]' type=androidx.compose.ui.Modifier.Companion origin=null
          fraction: COMPOSITE type=kotlin.Float origin=DEFAULT_VALUE
            CONST Float type=kotlin.Float value=0.0
          $mask0: CONST Int type=kotlin.Int value=1
          $handler: CONST Null type=kotlin.Any? value=null
        all: CALL 'public final fun <get-dp> (): androidx.compose.ui.unit.Dp [inline] declared in androidx.compose.ui.unit.DpKt' type=androidx.compose.ui.unit.Dp origin=GET_PROPERTY
          $receiver: CONST Int type=kotlin.Int value=16
      verticalArrangement: CALL 'public final fun <get-Center> (): androidx.compose.foundation.layout.Arrangement.HorizontalOrVertical declared in androidx.compose.foundation.layout.Arrangement' type=androidx.compose.foundation.layout.Arrangement.HorizontalOrVertical origin=GET_PROPERTY
        $this: GET_FIELD 'FIELD FIELD_FOR_OBJECT_INSTANCE name:INSTANCE type:androidx.compose.foundation.layout.Arrangement visibility:public [final,static]' type=androidx.compose.foundation.layout.Arrangement origin=null
      horizontalAlignment: COMPOSITE type=androidx.compose.ui.Alignment.Horizontal? origin=DEFAULT_VALUE
        CONST Null type=androidx.compose.ui.Alignment.Horizontal? value=null
      content: BLOCK type=@[ExtensionFunctionType] kotlin.Function1<androidx.compose.foundation.layout.ColumnScope, kotlin.Unit> origin=LAMBDA
        COMPOSITE type=kotlin.Unit origin=null
        FUNCTION_REFERENCE 'private final fun MainContent$lambda$27 ($name$delegate: androidx.compose.runtime.MutableState<androidx.compose.ui.text.input.TextFieldValue>, $latitude$delegate: androidx.compose.runtime.MutableState<androidx.compose.ui.text.input.TextFieldValue>, $longitude$delegate: androidx.compose.runtime.MutableState<androidx.compose.ui.text.input.TextFieldValue>, $altitude$delegate: androidx.compose.runtime.MutableState<androidx.compose.ui.text.input.TextFieldValue>, this$0: com.example.offlinegpstracker.MainActivity, $context: android.content.Context): kotlin.Unit declared in com.example.offlinegpstracker.MainActivity' type=@[ExtensionFunctionType] kotlin.Function1<androidx.compose.foundation.layout.ColumnScope, kotlin.Unit> origin=INLINE_LAMBDA reflectionTarget=null
          $name$delegate: GET_VAR 'val name$delegate: androidx.compose.runtime.MutableState<androidx.compose.ui.text.input.TextFieldValue> [val] declared in com.example.offlinegpstracker.MainActivity.MainContent' type=androidx.compose.runtime.MutableState<androidx.compose.ui.text.input.TextFieldValue> origin=null
          $latitude$delegate: GET_VAR 'val latitude$delegate: androidx.compose.runtime.MutableState<androidx.compose.ui.text.input.TextFieldValue> [val] declared in com.example.offlinegpstracker.MainActivity.MainContent' type=androidx.compose.runtime.MutableState<androidx.compose.ui.text.input.TextFieldValue> origin=null
          $longitude$delegate: GET_VAR 'val longitude$delegate: androidx.compose.runtime.MutableState<androidx.compose.ui.text.input.TextFieldValue> [val] declared in com.example.offlinegpstracker.MainActivity.MainContent' type=androidx.compose.runtime.MutableState<androidx.compose.ui.text.input.TextFieldValue> origin=null
          $altitude$delegate: GET_VAR 'val altitude$delegate: androidx.compose.runtime.MutableState<androidx.compose.ui.text.input.TextFieldValue> [val] declared in com.example.offlinegpstracker.MainActivity.MainContent' type=androidx.compose.runtime.MutableState<androidx.compose.ui.text.input.TextFieldValue> origin=null
          this$0: GET_VAR '<this>: com.example.offlinegpstracker.MainActivity declared in com.example.offlinegpstracker.MainActivity.MainContent' type=com.example.offlinegpstracker.MainActivity origin=null
          $context: GET_VAR 'val context: android.content.Context [val] declared in com.example.offlinegpstracker.MainActivity.MainContent' type=android.content.Context origin=null
      $mask0: CONST Int type=kotlin.Int value=4
      $handler: CONST Null type=kotlin.Any? value=null

	at org.jetbrains.kotlin.backend.jvm.codegen.FunctionCodegen.generate(FunctionCodegen.kt:50)
	at org.jetbrains.kotlin.backend.jvm.codegen.FunctionCodegen.generate$default(FunctionCodegen.kt:42)
	at org.jetbrains.kotlin.backend.jvm.codegen.ClassCodegen.generateMethodNode(ClassCodegen.kt:385)
	at org.jetbrains.kotlin.backend.jvm.codegen.ClassCodegen.generateMethod(ClassCodegen.kt:402)
	at org.jetbrains.kotlin.backend.jvm.codegen.ClassCodegen.generate(ClassCodegen.kt:169)
	at org.jetbrains.kotlin.backend.jvm.FileCodegen.lower(JvmPhases.kt:41)
	at org.jetbrains.kotlin.backend.common.phaser.PhaseBuildersKt.makeIrFilePhase$lambda$5(PhaseBuilders.kt:114)
	at org.jetbrains.kotlin.backend.common.phaser.PhaseBuildersKt$createSimpleNamedCompilerPhase$1.phaseBody(PhaseBuilders.kt:71)
	at org.jetbrains.kotlin.backend.common.phaser.SimpleNamedCompilerPhase.phaseBody(CompilerPhase.kt:226)
	at org.jetbrains.kotlin.backend.common.phaser.AbstractNamedCompilerPhase.invoke(CompilerPhase.kt:113)
	at org.jetbrains.kotlin.backend.common.phaser.PerformByIrFilePhase.invokeSequential(performByIrFile.kt:62)
	... 45 more
Caused by: org.jetbrains.kotlin.codegen.CompilationException: Back-end (JVM) Internal error: Couldn't inline method call: CALL 'public final fun remember <T> (calculation: @[DisallowComposableCalls] kotlin.Function0<T of androidx.compose.runtime.ComposablesKt.remember>): T of androidx.compose.runtime.ComposablesKt.remember [inline] declared in androidx.compose.runtime.ComposablesKt' type=androidx.compose.runtime.MutableState<androidx.compose.ui.text.input.TextFieldValue> origin=null
Method: null
File is unknown
The root cause java.lang.IllegalStateException was thrown at: org.jetbrains.kotlin.codegen.inline.SourceCompilerForInlineKt.getMethodNode(SourceCompilerForInline.kt:118)
	at org.jetbrains.kotlin.codegen.inline.InlineCodegen.performInline(InlineCodegen.kt:65)
	at org.jetbrains.kotlin.backend.jvm.codegen.IrInlineCodegen.genInlineCall(IrInlineCodegen.kt:162)
	at org.jetbrains.kotlin.backend.jvm.codegen.IrInlineCallGenerator.genCall(IrInlineCallGenerator.kt:36)
	at org.jetbrains.kotlin.backend.jvm.codegen.ExpressionCodegen.visitCall(ExpressionCodegen.kt:647)
	at org.jetbrains.kotlin.backend.jvm.codegen.ExpressionCodegen.visitCall(ExpressionCodegen.kt:137)
	at org.jetbrains.kotlin.ir.expressions.IrCall.accept(IrCall.kt:24)
	at org.jetbrains.kotlin.backend.jvm.codegen.ExpressionCodegen.visitVariable(ExpressionCodegen.kt:784)
	at org.jetbrains.kotlin.backend.jvm.codegen.ExpressionCodegen.visitVariable(ExpressionCodegen.kt:137)
	at org.jetbrains.kotlin.ir.declarations.IrVariable.accept(IrVariable.kt:36)
	at org.jetbrains.kotlin.backend.jvm.codegen.ExpressionCodegen.visitStatementContainer(ExpressionCodegen.kt:573)
	at org.jetbrains.kotlin.backend.jvm.codegen.ExpressionCodegen.visitBlockBody(ExpressionCodegen.kt:578)
	at org.jetbrains.kotlin.backend.jvm.codegen.ExpressionCodegen.visitBlockBody(ExpressionCodegen.kt:137)
	at org.jetbrains.kotlin.ir.expressions.IrBlockBody.accept(IrBlockBody.kt:20)
	at org.jetbrains.kotlin.backend.jvm.codegen.ExpressionCodegen.generate(ExpressionCodegen.kt:239)
	at org.jetbrains.kotlin.backend.jvm.codegen.FunctionCodegen.doGenerate(FunctionCodegen.kt:121)
	at org.jetbrains.kotlin.backend.jvm.codegen.FunctionCodegen.generate(FunctionCodegen.kt:46)
	... 55 more
Caused by: java.lang.IllegalStateException: couldn't find inline method Landroidx/compose/runtime/ComposablesKt;.remember(Lkotlin/jvm/functions/Function0;)Ljava/lang/Object;
	at org.jetbrains.kotlin.codegen.inline.SourceCompilerForInlineKt.getMethodNode(SourceCompilerForInline.kt:118)
	at org.jetbrains.kotlin.codegen.inline.SourceCompilerForInlineKt.loadCompiledInlineFunction(SourceCompilerForInline.kt:96)
	at org.jetbrains.kotlin.backend.jvm.codegen.IrSourceCompilerForInline.compileInlineFunction(IrSourceCompilerForInline.kt:91)
	at org.jetbrains.kotlin.codegen.inline.InlineCodegen.compileInline(InlineCodegen.kt:43)
	at org.jetbrains.kotlin.codegen.inline.InlineCodegen.performInline(InlineCodegen.kt:51)
	... 70 more


